<?xml version="1.0" encoding="UTF-8"?>
<robot generator="Robot 7.1 (Python 3.12.6 on win32)" generated="2024-09-23T17:12:29.073761" rpa="false" schemaversion="5">
<suite id="s1" name="Basic Assignment" source="C:\Users\Panuvit Sakulpojwora\Desktop\Robot Camp\Basic_Assignment">
<suite id="s1-s1" name="Assignment 17" source="C:\Users\Panuvit Sakulpojwora\Desktop\Robot Camp\Basic_Assignment\Assignment_17.robot">
<test id="s1-s1-t1" name="TC-17" line="8">
<kw name="Open Browser" owner="SeleniumLibrary" type="SETUP">
<msg time="2024-09-23T17:12:29.307787" level="INFO">Opening browser 'gc' to base url 'https://www.google.co.th/?hl=th'.</msg>
<arg>https://www.google.co.th/?hl=th</arg>
<arg>gc</arg>
<doc>Opens a new browser instance to the optional ``url``.</doc>
<status status="PASS" start="2024-09-23T17:12:29.307787" elapsed="3.139589"/>
</kw>
<kw name="Log To Console" owner="BuiltIn">
<arg>Test is running</arg>
<doc>Logs the given message to the console.</doc>
<status status="PASS" start="2024-09-23T17:12:32.447881" elapsed="0.000000"/>
</kw>
<kw name="Close Browser" owner="SeleniumLibrary" type="TEARDOWN">
<doc>Closes the current browser.</doc>
<status status="PASS" start="2024-09-23T17:12:32.448884" elapsed="2.218225"/>
</kw>
<status status="PASS" start="2024-09-23T17:12:29.303336" elapsed="5.363773"/>
</test>
<status status="PASS" start="2024-09-23T17:12:29.113249" elapsed="5.554869"/>
</suite>
<status status="PASS" start="2024-09-23T17:12:29.094027" elapsed="5.575091"/>
</suite>
<statistics>
<total>
<stat pass="1" fail="0" skip="0">All Tests</stat>
</total>
<tag>
</tag>
<suite>
<stat pass="1" fail="0" skip="0" id="s1" name="Basic Assignment">Basic Assignment</stat>
<stat pass="1" fail="0" skip="0" id="s1-s1" name="Assignment 17">Basic Assignment.Assignment 17</stat>
</suite>
</statistics>
<errors>
<msg time="2024-09-23T17:12:29.043287" level="WARN">Error in file 'C:\Users\Panuvit Sakulpojwora\Desktop\Robot Camp\Basic_Assignment\Assignment_10.robot' on line 22: The '[Return]' setting is deprecated. Use the 'RETURN' statement instead.</msg>
<msg time="2024-09-23T17:12:29.045857" level="WARN">Error in file 'C:\Users\Panuvit Sakulpojwora\Desktop\Robot Camp\Basic_Assignment\Assignment_10.robot' on line 27: The '[Return]' setting is deprecated. Use the 'RETURN' statement instead.</msg>
<msg time="2024-09-23T17:12:29.045857" level="WARN">Error in file 'C:\Users\Panuvit Sakulpojwora\Desktop\Robot Camp\Basic_Assignment\Assignment_11.robot' on line 18: The '[Return]' setting is deprecated. Use the 'RETURN' statement instead.</msg>
<msg time="2024-09-23T17:12:29.053979" level="WARN">Error in file 'C:\Users\Panuvit Sakulpojwora\Desktop\Robot Camp\Basic_Assignment\Assignment_16.robot' on line 20: The '[Return]' setting is deprecated. Use the 'RETURN' statement instead.</msg>
<msg time="2024-09-23T17:12:29.063037" level="WARN">Error in file 'C:\Users\Panuvit Sakulpojwora\Desktop\Robot Camp\Basic_Assignment\Assignment_9.robot' on line 19: The '[Return]' setting is deprecated. Use the 'RETURN' statement instead.</msg>
</errors>
</robot>
