<?xml version="1.0" encoding="UTF-8"?>
<robot generator="Robot 7.1 (Python 3.12.6 on win32)" generated="2024-09-25T16:08:35.000603" rpa="false" schemaversion="5">
<suite id="s1" name="Assignment 1" source="C:\Users\Panuvit Sakulpojwora\Desktop\Robot Camp\Complex_Keyword_Assignment\Assignment_1.robot">
<test id="s1-t1" name="TC-01" line="9">
<kw name="Get User Info">
<kw name="Create List" owner="BuiltIn">
<msg time="2024-09-25T16:08:35.211361" level="INFO">${Roles} = ['Admin', 'Editor', 'Writer', 'Reader']</msg>
<var>${Roles}</var>
<arg>Admin</arg>
<arg>Editor</arg>
<arg>Writer</arg>
<arg>Reader</arg>
<doc>Returns a list containing given items.</doc>
<status status="PASS" start="2024-09-25T16:08:35.211361" elapsed="0.000000"/>
</kw>
<kw name="Get Index From List" owner="Collections">
<msg time="2024-09-25T16:08:35.211361" level="INFO">${index} = 3</msg>
<var>${index}</var>
<arg>${Roles}</arg>
<arg>${Role}</arg>
<doc>Returns the index of the first occurrence of the ``value`` on the list.</doc>
<status status="PASS" start="2024-09-25T16:08:35.211361" elapsed="0.000000"/>
</kw>
<kw name="Create Dictionary" owner="BuiltIn">
<msg time="2024-09-25T16:08:35.213847" level="INFO">${User_Info} = {'Role': 'Reader', 'Access': 'Low'}</msg>
<var>${User_Info}</var>
<arg>Role=${Roles[${index}]}</arg>
<arg>Access=${Required_Access}</arg>
<doc>Creates and returns a dictionary based on the given ``items``.</doc>
<status status="PASS" start="2024-09-25T16:08:35.212822" elapsed="0.001025"/>
</kw>
<return>
<value>${User_Info}</value>
<status status="PASS" start="2024-09-25T16:08:35.213847" elapsed="0.000000"/>
</return>
<msg time="2024-09-25T16:08:35.213847" level="INFO">${User} = {'Role': 'Reader', 'Access': 'Low'}</msg>
<var>${User}</var>
<arg>Reader</arg>
<arg>Low</arg>
<status status="PASS" start="2024-09-25T16:08:35.211361" elapsed="0.002486"/>
</kw>
<kw name="Validate User Permissions">
<if>
<branch type="IF" condition="&quot;${User_Info.Role}&quot; == &quot;Admin&quot; and &quot;${User_Info.Access}&quot; == &quot;High&quot;">
<kw name="Log To Console" owner="BuiltIn">
<arg>Your Role is Admin</arg>
<doc>Logs the given message to the console.</doc>
<status status="NOT RUN" start="2024-09-25T16:08:35.216259" elapsed="0.000000"/>
</kw>
<status status="NOT RUN" start="2024-09-25T16:08:35.214890" elapsed="0.001369"/>
</branch>
<branch type="ELSE IF" condition="&quot;${User_Info.Role}&quot; == &quot;Editor&quot; and &quot;${User_Info.Access}&quot; == &quot;Medium&quot;">
<kw name="Log To Console" owner="BuiltIn">
<arg>Your Role is Editor</arg>
<doc>Logs the given message to the console.</doc>
<status status="NOT RUN" start="2024-09-25T16:08:35.216259" elapsed="0.000000"/>
</kw>
<status status="NOT RUN" start="2024-09-25T16:08:35.216259" elapsed="0.000000"/>
</branch>
<branch type="ELSE IF" condition="&quot;${User_Info.Role}&quot; == &quot;Writer&quot; and &quot;${User_Info.Access}&quot; == &quot;Medium&quot;">
<kw name="Log To Console" owner="BuiltIn">
<arg>Your Role is Writer</arg>
<doc>Logs the given message to the console.</doc>
<status status="NOT RUN" start="2024-09-25T16:08:35.217772" elapsed="0.000000"/>
</kw>
<status status="NOT RUN" start="2024-09-25T16:08:35.216259" elapsed="0.001513"/>
</branch>
<branch type="ELSE IF" condition="&quot;${User_Info.Role}&quot; == &quot;Reader&quot; and &quot;${User_Info.Access}&quot; == &quot;Low&quot;">
<kw name="Log To Console" owner="BuiltIn">
<arg>Your Role is Reader</arg>
<doc>Logs the given message to the console.</doc>
<status status="PASS" start="2024-09-25T16:08:35.217772" elapsed="0.000000"/>
</kw>
<status status="PASS" start="2024-09-25T16:08:35.217772" elapsed="0.000000"/>
</branch>
<branch type="ELSE">
<kw name="Log To Console" owner="BuiltIn">
<arg>Your Permissions is incorrect</arg>
<doc>Logs the given message to the console.</doc>
<status status="NOT RUN" start="2024-09-25T16:08:35.218988" elapsed="0.000000"/>
</kw>
<status status="NOT RUN" start="2024-09-25T16:08:35.217772" elapsed="0.001216"/>
</branch>
<status status="PASS" start="2024-09-25T16:08:35.214890" elapsed="0.004098"/>
</if>
<arg>${User}</arg>
<status status="PASS" start="2024-09-25T16:08:35.214890" elapsed="0.004098"/>
</kw>
<status status="PASS" start="2024-09-25T16:08:35.210322" elapsed="0.008666"/>
</test>
<status status="PASS" start="2024-09-25T16:08:35.002896" elapsed="0.217111"/>
</suite>
<statistics>
<total>
<stat pass="1" fail="0" skip="0">All Tests</stat>
</total>
<tag>
</tag>
<suite>
<stat pass="1" fail="0" skip="0" id="s1" name="Assignment 1">Assignment 1</stat>
</suite>
</statistics>
<errors>
</errors>
</robot>
