<?xml version="1.0" encoding="UTF-8"?>
<robot generator="Robot 7.1 (Python 3.12.6 on win32)" generated="2024-09-23T17:12:27.232295" rpa="false" schemaversion="5">
<suite id="s1" name="Basic Assignment" source="C:\Users\Panuvit Sakulpojwora\Desktop\Robot Camp\Basic_Assignment">
<suite id="s1-s1" name="Assignment 13" source="C:\Users\Panuvit Sakulpojwora\Desktop\Robot Camp\Basic_Assignment\Assignment_13.robot">
<test id="s1-s1-t1" name="TC-13" line="8">
<kw name="Create List" owner="BuiltIn">
<msg time="2024-09-23T17:12:27.453764" level="INFO">@{Fruit} = [ apple | banana | cherry ]</msg>
<var>@{Fruit}</var>
<arg>apple</arg>
<arg>banana</arg>
<arg>cherry</arg>
<doc>Returns a list containing given items.</doc>
<status status="PASS" start="2024-09-23T17:12:27.453764" elapsed="0.000000"/>
</kw>
<for flavor="IN">
<iter>
<kw name="Log To Console" owner="BuiltIn">
<arg>${Fruit}</arg>
<doc>Logs the given message to the console.</doc>
<status status="PASS" start="2024-09-23T17:12:27.453764" elapsed="0.000000"/>
</kw>
<var name="${Fruit}">apple</var>
<status status="PASS" start="2024-09-23T17:12:27.453764" elapsed="0.000000"/>
</iter>
<iter>
<kw name="Log To Console" owner="BuiltIn">
<arg>${Fruit}</arg>
<doc>Logs the given message to the console.</doc>
<status status="PASS" start="2024-09-23T17:12:27.453764" elapsed="0.000000"/>
</kw>
<var name="${Fruit}">banana</var>
<status status="PASS" start="2024-09-23T17:12:27.453764" elapsed="0.000000"/>
</iter>
<iter>
<kw name="Log To Console" owner="BuiltIn">
<arg>${Fruit}</arg>
<doc>Logs the given message to the console.</doc>
<status status="PASS" start="2024-09-23T17:12:27.453764" elapsed="0.000000"/>
</kw>
<var name="${Fruit}">cherry</var>
<status status="PASS" start="2024-09-23T17:12:27.453764" elapsed="0.000000"/>
</iter>
<var>${Fruit}</var>
<value>@{Fruit}</value>
<status status="PASS" start="2024-09-23T17:12:27.453764" elapsed="0.000000"/>
</for>
<status status="PASS" start="2024-09-23T17:12:27.453764" elapsed="0.000000"/>
</test>
<status status="PASS" start="2024-09-23T17:12:27.263539" elapsed="0.198742"/>
</suite>
<status status="PASS" start="2024-09-23T17:12:27.255230" elapsed="0.207051"/>
</suite>
<statistics>
<total>
<stat pass="1" fail="0" skip="0">All Tests</stat>
</total>
<tag>
</tag>
<suite>
<stat pass="1" fail="0" skip="0" id="s1" name="Basic Assignment">Basic Assignment</stat>
<stat pass="1" fail="0" skip="0" id="s1-s1" name="Assignment 13">Basic Assignment.Assignment 13</stat>
</suite>
</statistics>
<errors>
<msg time="2024-09-23T17:12:27.202275" level="WARN">Error in file 'C:\Users\Panuvit Sakulpojwora\Desktop\Robot Camp\Basic_Assignment\Assignment_10.robot' on line 22: The '[Return]' setting is deprecated. Use the 'RETURN' statement instead.</msg>
<msg time="2024-09-23T17:12:27.203287" level="WARN">Error in file 'C:\Users\Panuvit Sakulpojwora\Desktop\Robot Camp\Basic_Assignment\Assignment_10.robot' on line 27: The '[Return]' setting is deprecated. Use the 'RETURN' statement instead.</msg>
<msg time="2024-09-23T17:12:27.203287" level="WARN">Error in file 'C:\Users\Panuvit Sakulpojwora\Desktop\Robot Camp\Basic_Assignment\Assignment_11.robot' on line 18: The '[Return]' setting is deprecated. Use the 'RETURN' statement instead.</msg>
<msg time="2024-09-23T17:12:27.205811" level="WARN">Error in file 'C:\Users\Panuvit Sakulpojwora\Desktop\Robot Camp\Basic_Assignment\Assignment_16.robot' on line 20: The '[Return]' setting is deprecated. Use the 'RETURN' statement instead.</msg>
<msg time="2024-09-23T17:12:27.224591" level="WARN">Error in file 'C:\Users\Panuvit Sakulpojwora\Desktop\Robot Camp\Basic_Assignment\Assignment_9.robot' on line 19: The '[Return]' setting is deprecated. Use the 'RETURN' statement instead.</msg>
</errors>
</robot>
