<?xml version="1.0" encoding="UTF-8"?>
<robot generator="Robot 7.1 (Python 3.12.6 on win32)" generated="2024-09-23T17:12:39.363223" rpa="false" schemaversion="5">
<suite id="s1" name="Basic Assignment" source="C:\Users\Panuvit Sakulpojwora\Desktop\Robot Camp\Basic_Assignment">
<suite id="s1-s1" name="Assignment 9" source="C:\Users\Panuvit Sakulpojwora\Desktop\Robot Camp\Basic_Assignment\Assignment_9.robot">
<test id="s1-s1-t1" name="TC-09_01" line="11">
<kw name="Calculate Square">
<kw name="Evaluate" owner="BuiltIn">
<msg time="2024-09-23T17:12:39.598603" level="INFO">${Result} = 9</msg>
<var>${Result}</var>
<arg>${Numbers}*${Numbers}</arg>
<doc>Evaluates the given expression in Python and returns the result.</doc>
<status status="PASS" start="2024-09-23T17:12:39.598603" elapsed="0.000000"/>
</kw>
<kw name="Log To Console" owner="BuiltIn">
<arg>${Result}</arg>
<doc>Logs the given message to the console.</doc>
<status status="PASS" start="2024-09-23T17:12:39.598603" elapsed="0.000000"/>
</kw>
<return>
<value>${Result}</value>
<status status="PASS" start="2024-09-23T17:12:39.598603" elapsed="0.000000"/>
</return>
<msg time="2024-09-23T17:12:39.598603" level="INFO">${x} = 9</msg>
<var>${x}</var>
<arg>3</arg>
<status status="PASS" start="2024-09-23T17:12:39.593589" elapsed="0.005014"/>
</kw>
<kw name="Log To Console" owner="BuiltIn">
<arg>${X}</arg>
<doc>Logs the given message to the console.</doc>
<status status="PASS" start="2024-09-23T17:12:39.598603" elapsed="0.000000"/>
</kw>
<status status="PASS" start="2024-09-23T17:12:39.593589" elapsed="0.005014"/>
</test>
<status status="PASS" start="2024-09-23T17:12:39.407451" elapsed="0.191152"/>
</suite>
<status status="PASS" start="2024-09-23T17:12:39.393279" elapsed="0.208829"/>
</suite>
<statistics>
<total>
<stat pass="1" fail="0" skip="0">All Tests</stat>
</total>
<tag>
</tag>
<suite>
<stat pass="1" fail="0" skip="0" id="s1" name="Basic Assignment">Basic Assignment</stat>
<stat pass="1" fail="0" skip="0" id="s1-s1" name="Assignment 9">Basic Assignment.Assignment 9</stat>
</suite>
</statistics>
<errors>
<msg time="2024-09-23T17:12:39.333374" level="WARN">Error in file 'C:\Users\Panuvit Sakulpojwora\Desktop\Robot Camp\Basic_Assignment\Assignment_10.robot' on line 22: The '[Return]' setting is deprecated. Use the 'RETURN' statement instead.</msg>
<msg time="2024-09-23T17:12:39.333374" level="WARN">Error in file 'C:\Users\Panuvit Sakulpojwora\Desktop\Robot Camp\Basic_Assignment\Assignment_10.robot' on line 27: The '[Return]' setting is deprecated. Use the 'RETURN' statement instead.</msg>
<msg time="2024-09-23T17:12:39.333374" level="WARN">Error in file 'C:\Users\Panuvit Sakulpojwora\Desktop\Robot Camp\Basic_Assignment\Assignment_11.robot' on line 18: The '[Return]' setting is deprecated. Use the 'RETURN' statement instead.</msg>
<msg time="2024-09-23T17:12:39.345415" level="WARN">Error in file 'C:\Users\Panuvit Sakulpojwora\Desktop\Robot Camp\Basic_Assignment\Assignment_16.robot' on line 20: The '[Return]' setting is deprecated. Use the 'RETURN' statement instead.</msg>
<msg time="2024-09-23T17:12:39.357101" level="WARN">Error in file 'C:\Users\Panuvit Sakulpojwora\Desktop\Robot Camp\Basic_Assignment\Assignment_9.robot' on line 19: The '[Return]' setting is deprecated. Use the 'RETURN' statement instead.</msg>
</errors>
</robot>
