<?xml version="1.0" encoding="UTF-8"?>
<robot generator="Robot 7.1 (Python 3.12.6 on win32)" generated="2024-09-23T17:12:38.684560" rpa="false" schemaversion="5">
<suite id="s1" name="Basic Assignment" source="C:\Users\Panuvit Sakulpojwora\Desktop\Robot Camp\Basic_Assignment">
<suite id="s1-s1" name="Assignment 8" source="C:\Users\Panuvit Sakulpojwora\Desktop\Robot Camp\Basic_Assignment\Assignment_8.robot">
<test id="s1-s1-t1" name="TC-08" line="11">
<kw name="Open Browser" owner="SeleniumLibrary">
<msg time="2024-09-23T17:12:38.913746" level="INFO">Opening browser 'gc' to base url 'https://www.google.co.th/?hl=th'.</msg>
<arg>${yaml app url}</arg>
<arg>gc</arg>
<doc>Opens a new browser instance to the optional ``url``.</doc>
<status status="PASS" start="2024-09-23T17:12:38.913746" elapsed="2.912471"/>
</kw>
<kw name="Input Text" owner="SeleniumLibrary">
<msg time="2024-09-23T17:12:41.827216" level="INFO">Typing text 'admin' into text field '//*[@id="APjFqb"]'.</msg>
<arg>//*[@id="APjFqb"]</arg>
<arg>${yaml credentials.username}</arg>
<doc>Types the given ``text`` into the text field identified by ``locator``.</doc>
<status status="PASS" start="2024-09-23T17:12:41.826217" elapsed="0.076867"/>
</kw>
<kw name="Sleep" owner="BuiltIn">
<msg time="2024-09-23T17:12:46.903172" level="INFO">Slept 5 seconds.</msg>
<arg>5s</arg>
<doc>Pauses the test executed for the given time.</doc>
<status status="PASS" start="2024-09-23T17:12:41.903084" elapsed="5.000088"/>
</kw>
<status status="PASS" start="2024-09-23T17:12:38.913746" elapsed="7.989426"/>
</test>
<status status="PASS" start="2024-09-23T17:12:38.723418" elapsed="8.179754"/>
</suite>
<status status="PASS" start="2024-09-23T17:12:38.709809" elapsed="8.193363"/>
</suite>
<statistics>
<total>
<stat pass="1" fail="0" skip="0">All Tests</stat>
</total>
<tag>
</tag>
<suite>
<stat pass="1" fail="0" skip="0" id="s1" name="Basic Assignment">Basic Assignment</stat>
<stat pass="1" fail="0" skip="0" id="s1-s1" name="Assignment 8">Basic Assignment.Assignment 8</stat>
</suite>
</statistics>
<errors>
<msg time="2024-09-23T17:12:38.662409" level="WARN">Error in file 'C:\Users\Panuvit Sakulpojwora\Desktop\Robot Camp\Basic_Assignment\Assignment_10.robot' on line 22: The '[Return]' setting is deprecated. Use the 'RETURN' statement instead.</msg>
<msg time="2024-09-23T17:12:38.663723" level="WARN">Error in file 'C:\Users\Panuvit Sakulpojwora\Desktop\Robot Camp\Basic_Assignment\Assignment_10.robot' on line 27: The '[Return]' setting is deprecated. Use the 'RETURN' statement instead.</msg>
<msg time="2024-09-23T17:12:38.663723" level="WARN">Error in file 'C:\Users\Panuvit Sakulpojwora\Desktop\Robot Camp\Basic_Assignment\Assignment_11.robot' on line 18: The '[Return]' setting is deprecated. Use the 'RETURN' statement instead.</msg>
<msg time="2024-09-23T17:12:38.668894" level="WARN">Error in file 'C:\Users\Panuvit Sakulpojwora\Desktop\Robot Camp\Basic_Assignment\Assignment_16.robot' on line 20: The '[Return]' setting is deprecated. Use the 'RETURN' statement instead.</msg>
<msg time="2024-09-23T17:12:38.673950" level="WARN">Error in file 'C:\Users\Panuvit Sakulpojwora\Desktop\Robot Camp\Basic_Assignment\Assignment_9.robot' on line 19: The '[Return]' setting is deprecated. Use the 'RETURN' statement instead.</msg>
</errors>
</robot>
