<?xml version="1.0" encoding="UTF-8"?>
<robot generator="Robot 7.1 (Python 3.12.6 on win32)" generated="2024-09-20T13:30:42.744416" rpa="false" schemaversion="5">
<suite id="s1" name="Robot Camp" source="C:\Users\Panuvit Sakulpojwora\Desktop\Robot Camp">
<suite id="s1-s1" name="FOR LOOP Assignment" source="C:\Users\Panuvit Sakulpojwora\Desktop\Robot Camp\FOR_LOOP_Assignment.robot">
<test id="s1-s1-t1" name="TEST MARVEL" line="8">
<kw name="Set Variable" owner="BuiltIn">
<msg time="2024-09-20T13:30:42.990684" level="INFO">${i} = 0</msg>
<var>${i}</var>
<arg>0</arg>
<doc>Returns the given values which can then be assigned to a variables.</doc>
<status status="PASS" start="2024-09-20T13:30:42.990684" elapsed="0.001511"/>
</kw>
<for flavor="IN">
<iter>
<kw name="Evaluate" owner="BuiltIn">
<msg time="2024-09-20T13:30:42.993707" level="INFO">${number} = 0</msg>
<var>${number}</var>
<arg>${i}%2</arg>
<doc>Evaluates the given expression in Python and returns the result.</doc>
<status status="PASS" start="2024-09-20T13:30:42.992195" elapsed="0.001512"/>
</kw>
<if>
<branch type="IF" condition="${number}==0">
<kw name="Log To Console" owner="BuiltIn">
<arg>${value}</arg>
<doc>Logs the given message to the console.</doc>
<status status="PASS" start="2024-09-20T13:30:42.993707" elapsed="0.001002"/>
</kw>
<kw name="Evaluate" owner="BuiltIn">
<msg time="2024-09-20T13:30:42.994709" level="INFO">${i} = 1</msg>
<var>${i}</var>
<arg>${i}+1</arg>
<doc>Evaluates the given expression in Python and returns the result.</doc>
<status status="PASS" start="2024-09-20T13:30:42.994709" elapsed="0.000000"/>
</kw>
<status status="PASS" start="2024-09-20T13:30:42.993707" elapsed="0.001002"/>
</branch>
<branch type="ELSE">
<kw name="Evaluate" owner="BuiltIn">
<var>${i}</var>
<arg>${i}+1</arg>
<doc>Evaluates the given expression in Python and returns the result.</doc>
<status status="NOT RUN" start="2024-09-20T13:30:42.995721" elapsed="0.000000"/>
</kw>
<status status="NOT RUN" start="2024-09-20T13:30:42.994709" elapsed="0.001012"/>
</branch>
<status status="PASS" start="2024-09-20T13:30:42.993707" elapsed="0.002014"/>
</if>
<kw name="Exit For Loop If" owner="BuiltIn">
<arg>"${value}"=="blackwidow"</arg>
<doc>Stops executing the enclosing FOR loop if the ``condition`` is true.</doc>
<status status="PASS" start="2024-09-20T13:30:42.995721" elapsed="0.000000"/>
</kw>
<var name="${value}">ironman</var>
<status status="PASS" start="2024-09-20T13:30:42.992195" elapsed="0.003526"/>
</iter>
<iter>
<kw name="Evaluate" owner="BuiltIn">
<msg time="2024-09-20T13:30:42.996743" level="INFO">${number} = 1</msg>
<var>${number}</var>
<arg>${i}%2</arg>
<doc>Evaluates the given expression in Python and returns the result.</doc>
<status status="PASS" start="2024-09-20T13:30:42.996743" elapsed="0.000000"/>
</kw>
<if>
<branch type="IF" condition="${number}==0">
<kw name="Log To Console" owner="BuiltIn">
<arg>${value}</arg>
<doc>Logs the given message to the console.</doc>
<status status="NOT RUN" start="2024-09-20T13:30:42.997768" elapsed="0.000000"/>
</kw>
<kw name="Evaluate" owner="BuiltIn">
<var>${i}</var>
<arg>${i}+1</arg>
<doc>Evaluates the given expression in Python and returns the result.</doc>
<status status="NOT RUN" start="2024-09-20T13:30:42.997768" elapsed="0.000000"/>
</kw>
<status status="NOT RUN" start="2024-09-20T13:30:42.996743" elapsed="0.001025"/>
</branch>
<branch type="ELSE">
<kw name="Evaluate" owner="BuiltIn">
<msg time="2024-09-20T13:30:42.997768" level="INFO">${i} = 2</msg>
<var>${i}</var>
<arg>${i}+1</arg>
<doc>Evaluates the given expression in Python and returns the result.</doc>
<status status="PASS" start="2024-09-20T13:30:42.997768" elapsed="0.001028"/>
</kw>
<status status="PASS" start="2024-09-20T13:30:42.997768" elapsed="0.001028"/>
</branch>
<status status="PASS" start="2024-09-20T13:30:42.996743" elapsed="0.002053"/>
</if>
<kw name="Exit For Loop If" owner="BuiltIn">
<arg>"${value}"=="blackwidow"</arg>
<doc>Stops executing the enclosing FOR loop if the ``condition`` is true.</doc>
<status status="PASS" start="2024-09-20T13:30:42.998796" elapsed="0.000000"/>
</kw>
<var name="${value}">batman</var>
<status status="PASS" start="2024-09-20T13:30:42.996743" elapsed="0.002053"/>
</iter>
<iter>
<kw name="Evaluate" owner="BuiltIn">
<msg time="2024-09-20T13:30:42.999820" level="INFO">${number} = 0</msg>
<var>${number}</var>
<arg>${i}%2</arg>
<doc>Evaluates the given expression in Python and returns the result.</doc>
<status status="PASS" start="2024-09-20T13:30:42.998796" elapsed="0.001024"/>
</kw>
<if>
<branch type="IF" condition="${number}==0">
<kw name="Log To Console" owner="BuiltIn">
<arg>${value}</arg>
<doc>Logs the given message to the console.</doc>
<status status="PASS" start="2024-09-20T13:30:42.999820" elapsed="0.000000"/>
</kw>
<kw name="Evaluate" owner="BuiltIn">
<msg time="2024-09-20T13:30:43.000850" level="INFO">${i} = 3</msg>
<var>${i}</var>
<arg>${i}+1</arg>
<doc>Evaluates the given expression in Python and returns the result.</doc>
<status status="PASS" start="2024-09-20T13:30:43.000850" elapsed="0.000000"/>
</kw>
<status status="PASS" start="2024-09-20T13:30:42.999820" elapsed="0.001030"/>
</branch>
<branch type="ELSE">
<kw name="Evaluate" owner="BuiltIn">
<var>${i}</var>
<arg>${i}+1</arg>
<doc>Evaluates the given expression in Python and returns the result.</doc>
<status status="NOT RUN" start="2024-09-20T13:30:43.002356" elapsed="0.000000"/>
</kw>
<status status="NOT RUN" start="2024-09-20T13:30:43.000850" elapsed="0.002027"/>
</branch>
<status status="PASS" start="2024-09-20T13:30:42.999820" elapsed="0.003057"/>
</if>
<kw name="Exit For Loop If" owner="BuiltIn">
<arg>"${value}"=="blackwidow"</arg>
<doc>Stops executing the enclosing FOR loop if the ``condition`` is true.</doc>
<status status="PASS" start="2024-09-20T13:30:43.002877" elapsed="0.000000"/>
</kw>
<var name="${value}">captain</var>
<status status="PASS" start="2024-09-20T13:30:42.998796" elapsed="0.004081"/>
</iter>
<iter>
<kw name="Evaluate" owner="BuiltIn">
<msg time="2024-09-20T13:30:43.004129" level="INFO">${number} = 1</msg>
<var>${number}</var>
<arg>${i}%2</arg>
<doc>Evaluates the given expression in Python and returns the result.</doc>
<status status="PASS" start="2024-09-20T13:30:43.004129" elapsed="0.000000"/>
</kw>
<if>
<branch type="IF" condition="${number}==0">
<kw name="Log To Console" owner="BuiltIn">
<arg>${value}</arg>
<doc>Logs the given message to the console.</doc>
<status status="NOT RUN" start="2024-09-20T13:30:43.004129" elapsed="0.001006"/>
</kw>
<kw name="Evaluate" owner="BuiltIn">
<var>${i}</var>
<arg>${i}+1</arg>
<doc>Evaluates the given expression in Python and returns the result.</doc>
<status status="NOT RUN" start="2024-09-20T13:30:43.005135" elapsed="0.000000"/>
</kw>
<status status="NOT RUN" start="2024-09-20T13:30:43.004129" elapsed="0.001006"/>
</branch>
<branch type="ELSE">
<kw name="Evaluate" owner="BuiltIn">
<msg time="2024-09-20T13:30:43.006136" level="INFO">${i} = 4</msg>
<var>${i}</var>
<arg>${i}+1</arg>
<doc>Evaluates the given expression in Python and returns the result.</doc>
<status status="PASS" start="2024-09-20T13:30:43.005135" elapsed="0.001001"/>
</kw>
<status status="PASS" start="2024-09-20T13:30:43.005135" elapsed="0.001001"/>
</branch>
<status status="PASS" start="2024-09-20T13:30:43.004129" elapsed="0.002007"/>
</if>
<kw name="Exit For Loop If" owner="BuiltIn">
<arg>"${value}"=="blackwidow"</arg>
<doc>Stops executing the enclosing FOR loop if the ``condition`` is true.</doc>
<status status="PASS" start="2024-09-20T13:30:43.006136" elapsed="0.000000"/>
</kw>
<var name="${value}">superman</var>
<status status="PASS" start="2024-09-20T13:30:43.002877" elapsed="0.003259"/>
</iter>
<iter>
<kw name="Evaluate" owner="BuiltIn">
<msg time="2024-09-20T13:30:43.007136" level="INFO">${number} = 0</msg>
<var>${number}</var>
<arg>${i}%2</arg>
<doc>Evaluates the given expression in Python and returns the result.</doc>
<status status="PASS" start="2024-09-20T13:30:43.007136" elapsed="0.000000"/>
</kw>
<if>
<branch type="IF" condition="${number}==0">
<kw name="Log To Console" owner="BuiltIn">
<arg>${value}</arg>
<doc>Logs the given message to the console.</doc>
<status status="PASS" start="2024-09-20T13:30:43.008139" elapsed="0.000000"/>
</kw>
<kw name="Evaluate" owner="BuiltIn">
<msg time="2024-09-20T13:30:43.009148" level="INFO">${i} = 5</msg>
<var>${i}</var>
<arg>${i}+1</arg>
<doc>Evaluates the given expression in Python and returns the result.</doc>
<status status="PASS" start="2024-09-20T13:30:43.008139" elapsed="0.001009"/>
</kw>
<status status="PASS" start="2024-09-20T13:30:43.007136" elapsed="0.002012"/>
</branch>
<branch type="ELSE">
<kw name="Evaluate" owner="BuiltIn">
<var>${i}</var>
<arg>${i}+1</arg>
<doc>Evaluates the given expression in Python and returns the result.</doc>
<status status="NOT RUN" start="2024-09-20T13:30:43.009148" elapsed="0.000000"/>
</kw>
<status status="NOT RUN" start="2024-09-20T13:30:43.009148" elapsed="0.000000"/>
</branch>
<status status="PASS" start="2024-09-20T13:30:43.007136" elapsed="0.002012"/>
</if>
<kw name="Exit For Loop If" owner="BuiltIn">
<arg>"${value}"=="blackwidow"</arg>
<doc>Stops executing the enclosing FOR loop if the ``condition`` is true.</doc>
<status status="PASS" start="2024-09-20T13:30:43.009148" elapsed="0.000998"/>
</kw>
<var name="${value}">hulk</var>
<status status="PASS" start="2024-09-20T13:30:43.007136" elapsed="0.003010"/>
</iter>
<iter>
<kw name="Evaluate" owner="BuiltIn">
<msg time="2024-09-20T13:30:43.010659" level="INFO">${number} = 1</msg>
<var>${number}</var>
<arg>${i}%2</arg>
<doc>Evaluates the given expression in Python and returns the result.</doc>
<status status="PASS" start="2024-09-20T13:30:43.010659" elapsed="0.000000"/>
</kw>
<if>
<branch type="IF" condition="${number}==0">
<kw name="Log To Console" owner="BuiltIn">
<arg>${value}</arg>
<doc>Logs the given message to the console.</doc>
<status status="NOT RUN" start="2024-09-20T13:30:43.010659" elapsed="0.000000"/>
</kw>
<kw name="Evaluate" owner="BuiltIn">
<var>${i}</var>
<arg>${i}+1</arg>
<doc>Evaluates the given expression in Python and returns the result.</doc>
<status status="NOT RUN" start="2024-09-20T13:30:43.010659" elapsed="0.001524"/>
</kw>
<status status="NOT RUN" start="2024-09-20T13:30:43.010659" elapsed="0.001524"/>
</branch>
<branch type="ELSE">
<kw name="Evaluate" owner="BuiltIn">
<msg time="2024-09-20T13:30:43.012183" level="INFO">${i} = 6</msg>
<var>${i}</var>
<arg>${i}+1</arg>
<doc>Evaluates the given expression in Python and returns the result.</doc>
<status status="PASS" start="2024-09-20T13:30:43.012183" elapsed="0.000000"/>
</kw>
<status status="PASS" start="2024-09-20T13:30:43.012183" elapsed="0.000000"/>
</branch>
<status status="PASS" start="2024-09-20T13:30:43.010659" elapsed="0.001524"/>
</if>
<kw name="Exit For Loop If" owner="BuiltIn">
<arg>"${value}"=="blackwidow"</arg>
<doc>Stops executing the enclosing FOR loop if the ``condition`` is true.</doc>
<status status="PASS" start="2024-09-20T13:30:43.013222" elapsed="0.000000"/>
</kw>
<var name="${value}">shazam</var>
<status status="PASS" start="2024-09-20T13:30:43.010659" elapsed="0.002563"/>
</iter>
<iter>
<kw name="Evaluate" owner="BuiltIn">
<msg time="2024-09-20T13:30:43.014313" level="INFO">${number} = 0</msg>
<var>${number}</var>
<arg>${i}%2</arg>
<doc>Evaluates the given expression in Python and returns the result.</doc>
<status status="PASS" start="2024-09-20T13:30:43.013222" elapsed="0.001091"/>
</kw>
<if>
<branch type="IF" condition="${number}==0">
<kw name="Log To Console" owner="BuiltIn">
<arg>${value}</arg>
<doc>Logs the given message to the console.</doc>
<status status="PASS" start="2024-09-20T13:30:43.014810" elapsed="0.000536"/>
</kw>
<kw name="Evaluate" owner="BuiltIn">
<msg time="2024-09-20T13:30:43.015346" level="INFO">${i} = 7</msg>
<var>${i}</var>
<arg>${i}+1</arg>
<doc>Evaluates the given expression in Python and returns the result.</doc>
<status status="PASS" start="2024-09-20T13:30:43.015346" elapsed="0.000000"/>
</kw>
<status status="PASS" start="2024-09-20T13:30:43.014313" elapsed="0.001033"/>
</branch>
<branch type="ELSE">
<kw name="Evaluate" owner="BuiltIn">
<var>${i}</var>
<arg>${i}+1</arg>
<doc>Evaluates the given expression in Python and returns the result.</doc>
<status status="NOT RUN" start="2024-09-20T13:30:43.016369" elapsed="0.000000"/>
</kw>
<status status="NOT RUN" start="2024-09-20T13:30:43.015346" elapsed="0.002014"/>
</branch>
<status status="PASS" start="2024-09-20T13:30:43.014313" elapsed="0.003047"/>
</if>
<kw name="Exit For Loop If" owner="BuiltIn">
<arg>"${value}"=="blackwidow"</arg>
<doc>Stops executing the enclosing FOR loop if the ``condition`` is true.</doc>
<status status="PASS" start="2024-09-20T13:30:43.017360" elapsed="0.001000"/>
</kw>
<var name="${value}">thor</var>
<status status="PASS" start="2024-09-20T13:30:43.013222" elapsed="0.005487"/>
</iter>
<iter>
<kw name="Evaluate" owner="BuiltIn">
<msg time="2024-09-20T13:30:43.018709" level="INFO">${number} = 1</msg>
<var>${number}</var>
<arg>${i}%2</arg>
<doc>Evaluates the given expression in Python and returns the result.</doc>
<status status="PASS" start="2024-09-20T13:30:43.018709" elapsed="0.000000"/>
</kw>
<if>
<branch type="IF" condition="${number}==0">
<kw name="Log To Console" owner="BuiltIn">
<arg>${value}</arg>
<doc>Logs the given message to the console.</doc>
<status status="NOT RUN" start="2024-09-20T13:30:43.019710" elapsed="0.000000"/>
</kw>
<kw name="Evaluate" owner="BuiltIn">
<var>${i}</var>
<arg>${i}+1</arg>
<doc>Evaluates the given expression in Python and returns the result.</doc>
<status status="NOT RUN" start="2024-09-20T13:30:43.019710" elapsed="0.000000"/>
</kw>
<status status="NOT RUN" start="2024-09-20T13:30:43.019710" elapsed="0.000000"/>
</branch>
<branch type="ELSE">
<kw name="Evaluate" owner="BuiltIn">
<msg time="2024-09-20T13:30:43.020712" level="INFO">${i} = 8</msg>
<var>${i}</var>
<arg>${i}+1</arg>
<doc>Evaluates the given expression in Python and returns the result.</doc>
<status status="PASS" start="2024-09-20T13:30:43.019710" elapsed="0.001002"/>
</kw>
<status status="PASS" start="2024-09-20T13:30:43.019710" elapsed="0.001002"/>
</branch>
<status status="PASS" start="2024-09-20T13:30:43.019710" elapsed="0.001002"/>
</if>
<kw name="Exit For Loop If" owner="BuiltIn">
<arg>"${value}"=="blackwidow"</arg>
<doc>Stops executing the enclosing FOR loop if the ``condition`` is true.</doc>
<status status="PASS" start="2024-09-20T13:30:43.020712" elapsed="0.000000"/>
</kw>
<var name="${value}">flash</var>
<status status="PASS" start="2024-09-20T13:30:43.018709" elapsed="0.002003"/>
</iter>
<iter>
<kw name="Evaluate" owner="BuiltIn">
<msg time="2024-09-20T13:30:43.022219" level="INFO">${number} = 0</msg>
<var>${number}</var>
<arg>${i}%2</arg>
<doc>Evaluates the given expression in Python and returns the result.</doc>
<status status="PASS" start="2024-09-20T13:30:43.020712" elapsed="0.001507"/>
</kw>
<if>
<branch type="IF" condition="${number}==0">
<kw name="Log To Console" owner="BuiltIn">
<arg>${value}</arg>
<doc>Logs the given message to the console.</doc>
<status status="PASS" start="2024-09-20T13:30:43.022219" elapsed="0.000000"/>
</kw>
<kw name="Evaluate" owner="BuiltIn">
<msg time="2024-09-20T13:30:43.023222" level="INFO">${i} = 9</msg>
<var>${i}</var>
<arg>${i}+1</arg>
<doc>Evaluates the given expression in Python and returns the result.</doc>
<status status="PASS" start="2024-09-20T13:30:43.023222" elapsed="0.000000"/>
</kw>
<status status="PASS" start="2024-09-20T13:30:43.022219" elapsed="0.001003"/>
</branch>
<branch type="ELSE">
<kw name="Evaluate" owner="BuiltIn">
<var>${i}</var>
<arg>${i}+1</arg>
<doc>Evaluates the given expression in Python and returns the result.</doc>
<status status="NOT RUN" start="2024-09-20T13:30:43.023725" elapsed="0.000000"/>
</kw>
<status status="NOT RUN" start="2024-09-20T13:30:43.023725" elapsed="0.000000"/>
</branch>
<status status="PASS" start="2024-09-20T13:30:43.022219" elapsed="0.001506"/>
</if>
<kw name="Exit For Loop If" owner="BuiltIn">
<msg time="2024-09-20T13:30:43.024746" level="INFO">Exiting for loop altogether.</msg>
<arg>"${value}"=="blackwidow"</arg>
<doc>Stops executing the enclosing FOR loop if the ``condition`` is true.</doc>
<status status="PASS" start="2024-09-20T13:30:43.023725" elapsed="0.001021"/>
</kw>
<var name="${value}">blackwidow</var>
<status status="PASS" start="2024-09-20T13:30:43.020712" elapsed="0.004034"/>
</iter>
<var>${value}</var>
<value>@{list}</value>
<status status="PASS" start="2024-09-20T13:30:42.992195" elapsed="0.032551"/>
</for>
<status status="PASS" start="2024-09-20T13:30:42.989682" elapsed="0.035064"/>
</test>
<status status="PASS" start="2024-09-20T13:30:42.782246" elapsed="0.242500"/>
</suite>
<status status="PASS" start="2024-09-20T13:30:42.766888" elapsed="0.259365"/>
</suite>
<statistics>
<total>
<stat pass="1" fail="0" skip="0">All Tests</stat>
</total>
<tag>
</tag>
<suite>
<stat pass="1" fail="0" skip="0" id="s1" name="Robot Camp">Robot Camp</stat>
<stat pass="1" fail="0" skip="0" id="s1-s1" name="FOR LOOP Assignment">Robot Camp.FOR LOOP Assignment</stat>
</suite>
</statistics>
<errors>
</errors>
</robot>
